{"C:\\Users\\fuads\\HACKTIV8\\83\\p2\\w3\\-IP-Fuad-HCK83\\daunKu_backend\\app.js": {"path":"C:\\Users\\fuads\\HACKTIV8\\83\\p2\\w3\\-IP-Fuad-HCK83\\daunKu_backend\\app.js","statementMap":{"0":{"start":{"line":1,"column":0},"end":{"line":1,"column":27}},"1":{"start":{"line":2,"column":16},"end":{"line":2,"column":34}},"2":{"start":{"line":3,"column":13},"end":{"line":3,"column":28}},"3":{"start":{"line":4,"column":12},"end":{"line":4,"column":21}},"4":{"start":{"line":5,"column":23},"end":{"line":5,"column":51}},"5":{"start":{"line":6,"column":21},"end":{"line":6,"column":57}},"6":{"start":{"line":8,"column":19},"end":{"line":8,"column":49}},"7":{"start":{"line":9,"column":20},"end":{"line":9,"column":51}},"8":{"start":{"line":10,"column":22},"end":{"line":10,"column":55}},"9":{"start":{"line":11,"column":17},"end":{"line":11,"column":45}},"10":{"start":{"line":13,"column":0},"end":{"line":13,"column":16}},"11":{"start":{"line":14,"column":0},"end":{"line":14,"column":24}},"12":{"start":{"line":16,"column":0},"end":{"line":16,"column":29}},"13":{"start":{"line":17,"column":0},"end":{"line":17,"column":48}},"14":{"start":{"line":18,"column":0},"end":{"line":18,"column":53}},"15":{"start":{"line":19,"column":0},"end":{"line":19,"column":41}},"16":{"start":{"line":21,"column":0},"end":{"line":23,"column":3}},"17":{"start":{"line":22,"column":2},"end":{"line":22,"column":69}},"18":{"start":{"line":25,"column":0},"end":{"line":25,"column":22}},"19":{"start":{"line":28,"column":0},"end":{"line":28,"column":21}}},"fnMap":{"0":{"name":"(anonymous_0)","decl":{"start":{"line":21,"column":13},"end":{"line":21,"column":14}},"loc":{"start":{"line":21,"column":27},"end":{"line":23,"column":1}},"line":21}},"branchMap":{},"s":{"0":7,"1":7,"2":7,"3":7,"4":7,"5":7,"6":7,"7":7,"8":7,"9":7,"10":7,"11":7,"12":7,"13":7,"14":7,"15":7,"16":7,"17":0,"18":7,"19":7},"f":{"0":0},"b":{},"_coverageSchema":"1a1c01bbd47fc00a2c39e90264f33305004495a9","hash":"dac7e8fed5086ef7e8125b51c7ecbe16ba4a0f1d"}
,"C:\\Users\\fuads\\HACKTIV8\\83\\p2\\w3\\-IP-Fuad-HCK83\\daunKu_backend\\__test__\\unified-mock.js": {"path":"C:\\Users\\fuads\\HACKTIV8\\83\\p2\\w3\\-IP-Fuad-HCK83\\daunKu_backend\\__test__\\unified-mock.js","statementMap":{"0":{"start":{"line":4,"column":18},"end":{"line":16,"column":1}},"1":{"start":{"line":18,"column":20},"end":{"line":27,"column":1}},"2":{"start":{"line":30,"column":20},"end":{"line":164,"column":1}},"3":{"start":{"line":32,"column":24},"end":{"line":37,"column":3}},"4":{"start":{"line":40,"column":26},"end":{"line":45,"column":3}},"5":{"start":{"line":47,"column":2},"end":{"line":163,"column":4}},"6":{"start":{"line":50,"column":8},"end":{"line":60,"column":9}},"7":{"start":{"line":54,"column":10},"end":{"line":59,"column":12}},"8":{"start":{"line":61,"column":8},"end":{"line":61,"column":20}},"9":{"start":{"line":63,"column":37},"end":{"line":68,"column":7}},"10":{"start":{"line":69,"column":28},"end":{"line":69,"column":31}},"11":{"start":{"line":70,"column":29},"end":{"line":70,"column":30}},"12":{"start":{"line":73,"column":29},"end":{"line":73,"column":44}},"13":{"start":{"line":75,"column":8},"end":{"line":80,"column":9}},"14":{"start":{"line":79,"column":10},"end":{"line":79,"column":31}},"15":{"start":{"line":81,"column":8},"end":{"line":81,"column":20}},"16":{"start":{"line":84,"column":8},"end":{"line":84,"column":43}},"17":{"start":{"line":84,"column":22},"end":{"line":84,"column":43}},"18":{"start":{"line":85,"column":8},"end":{"line":85,"column":20}},"19":{"start":{"line":87,"column":27},"end":{"line":87,"column":28}},"20":{"start":{"line":88,"column":38},"end":{"line":88,"column":73}},"21":{"start":{"line":90,"column":8},"end":{"line":95,"column":9}},"22":{"start":{"line":91,"column":10},"end":{"line":94,"column":12}},"23":{"start":{"line":96,"column":8},"end":{"line":104,"column":10}},"24":{"start":{"line":106,"column":28},"end":{"line":106,"column":31}},"25":{"start":{"line":107,"column":29},"end":{"line":107,"column":30}},"26":{"start":{"line":111,"column":8},"end":{"line":111,"column":33}},"27":{"start":{"line":114,"column":8},"end":{"line":119,"column":9}},"28":{"start":{"line":118,"column":10},"end":{"line":118,"column":33}},"29":{"start":{"line":120,"column":8},"end":{"line":120,"column":20}},"30":{"start":{"line":123,"column":8},"end":{"line":123,"column":45}},"31":{"start":{"line":123,"column":22},"end":{"line":123,"column":45}},"32":{"start":{"line":124,"column":8},"end":{"line":124,"column":20}},"33":{"start":{"line":126,"column":27},"end":{"line":126,"column":28}},"34":{"start":{"line":127,"column":38},"end":{"line":127,"column":75}},"35":{"start":{"line":128,"column":33},"end":{"line":136,"column":7}},"36":{"start":{"line":137,"column":28},"end":{"line":137,"column":31}},"37":{"start":{"line":138,"column":29},"end":{"line":138,"column":30}},"38":{"start":{"line":143,"column":24},"end":{"line":143,"column":25}},"39":{"start":{"line":144,"column":28},"end":{"line":144,"column":31}},"40":{"start":{"line":145,"column":33},"end":{"line":145,"column":37}},"41":{"start":{"line":146,"column":27},"end":{"line":146,"column":41}},"42":{"start":{"line":147,"column":34},"end":{"line":150,"column":7}},"43":{"start":{"line":166,"column":0},"end":{"line":170,"column":2}}},"fnMap":{"0":{"name":"(anonymous_0)","decl":{"start":{"line":30,"column":20},"end":{"line":30,"column":21}},"loc":{"start":{"line":30,"column":26},"end":{"line":164,"column":1}},"line":30},"1":{"name":"(anonymous_1)","decl":{"start":{"line":49,"column":23},"end":{"line":49,"column":24}},"loc":{"start":{"line":49,"column":34},"end":{"line":62,"column":7}},"line":49},"2":{"name":"(anonymous_2)","decl":{"start":{"line":63,"column":22},"end":{"line":63,"column":23}},"loc":{"start":{"line":63,"column":37},"end":{"line":68,"column":7}},"line":63},"3":{"name":"(anonymous_3)","decl":{"start":{"line":69,"column":22},"end":{"line":69,"column":23}},"loc":{"start":{"line":69,"column":28},"end":{"line":69,"column":31}},"line":69},"4":{"name":"(anonymous_4)","decl":{"start":{"line":70,"column":23},"end":{"line":70,"column":24}},"loc":{"start":{"line":70,"column":29},"end":{"line":70,"column":30}},"line":70},"5":{"name":"(anonymous_5)","decl":{"start":{"line":73,"column":23},"end":{"line":73,"column":24}},"loc":{"start":{"line":73,"column":29},"end":{"line":73,"column":44}},"line":73},"6":{"name":"(anonymous_6)","decl":{"start":{"line":74,"column":23},"end":{"line":74,"column":24}},"loc":{"start":{"line":74,"column":34},"end":{"line":82,"column":7}},"line":74},"7":{"name":"(anonymous_7)","decl":{"start":{"line":83,"column":24},"end":{"line":83,"column":25}},"loc":{"start":{"line":83,"column":32},"end":{"line":86,"column":7}},"line":83},"8":{"name":"(anonymous_8)","decl":{"start":{"line":87,"column":21},"end":{"line":87,"column":22}},"loc":{"start":{"line":87,"column":27},"end":{"line":87,"column":28}},"line":87},"9":{"name":"(anonymous_9)","decl":{"start":{"line":88,"column":31},"end":{"line":88,"column":32}},"loc":{"start":{"line":88,"column":38},"end":{"line":88,"column":73}},"line":88},"10":{"name":"(anonymous_10)","decl":{"start":{"line":89,"column":22},"end":{"line":89,"column":23}},"loc":{"start":{"line":89,"column":32},"end":{"line":105,"column":7}},"line":89},"11":{"name":"(anonymous_11)","decl":{"start":{"line":106,"column":22},"end":{"line":106,"column":23}},"loc":{"start":{"line":106,"column":28},"end":{"line":106,"column":31}},"line":106},"12":{"name":"(anonymous_12)","decl":{"start":{"line":107,"column":23},"end":{"line":107,"column":24}},"loc":{"start":{"line":107,"column":29},"end":{"line":107,"column":30}},"line":107},"13":{"name":"(anonymous_13)","decl":{"start":{"line":110,"column":23},"end":{"line":110,"column":24}},"loc":{"start":{"line":110,"column":34},"end":{"line":112,"column":7}},"line":110},"14":{"name":"(anonymous_14)","decl":{"start":{"line":113,"column":23},"end":{"line":113,"column":24}},"loc":{"start":{"line":113,"column":34},"end":{"line":121,"column":7}},"line":113},"15":{"name":"(anonymous_15)","decl":{"start":{"line":122,"column":24},"end":{"line":122,"column":25}},"loc":{"start":{"line":122,"column":32},"end":{"line":125,"column":7}},"line":122},"16":{"name":"(anonymous_16)","decl":{"start":{"line":126,"column":21},"end":{"line":126,"column":22}},"loc":{"start":{"line":126,"column":27},"end":{"line":126,"column":28}},"line":126},"17":{"name":"(anonymous_17)","decl":{"start":{"line":127,"column":31},"end":{"line":127,"column":32}},"loc":{"start":{"line":127,"column":38},"end":{"line":127,"column":75}},"line":127},"18":{"name":"(anonymous_18)","decl":{"start":{"line":128,"column":22},"end":{"line":128,"column":23}},"loc":{"start":{"line":128,"column":33},"end":{"line":136,"column":7}},"line":128},"19":{"name":"(anonymous_19)","decl":{"start":{"line":137,"column":22},"end":{"line":137,"column":23}},"loc":{"start":{"line":137,"column":28},"end":{"line":137,"column":31}},"line":137},"20":{"name":"(anonymous_20)","decl":{"start":{"line":138,"column":23},"end":{"line":138,"column":24}},"loc":{"start":{"line":138,"column":29},"end":{"line":138,"column":30}},"line":138},"21":{"name":"(anonymous_21)","decl":{"start":{"line":143,"column":18},"end":{"line":143,"column":19}},"loc":{"start":{"line":143,"column":24},"end":{"line":143,"column":25}},"line":143},"22":{"name":"(anonymous_22)","decl":{"start":{"line":144,"column":19},"end":{"line":144,"column":20}},"loc":{"start":{"line":144,"column":28},"end":{"line":144,"column":31}},"line":144},"23":{"name":"(anonymous_23)","decl":{"start":{"line":145,"column":23},"end":{"line":145,"column":24}},"loc":{"start":{"line":145,"column":33},"end":{"line":145,"column":37}},"line":145},"24":{"name":"(anonymous_24)","decl":{"start":{"line":146,"column":21},"end":{"line":146,"column":22}},"loc":{"start":{"line":146,"column":27},"end":{"line":146,"column":41}},"line":146},"25":{"name":"(anonymous_25)","decl":{"start":{"line":147,"column":27},"end":{"line":147,"column":28}},"loc":{"start":{"line":147,"column":34},"end":{"line":150,"column":7}},"line":147}},"branchMap":{"0":{"loc":{"start":{"line":50,"column":8},"end":{"line":60,"column":9}},"type":"if","locations":[{"start":{"line":50,"column":8},"end":{"line":60,"column":9}},{"start":{},"end":{}}],"line":50},"1":{"loc":{"start":{"line":51,"column":10},"end":{"line":52,"column":31}},"type":"binary-expr","locations":[{"start":{"line":51,"column":10},"end":{"line":51,"column":51}},{"start":{"line":52,"column":10},"end":{"line":52,"column":31}}],"line":51},"2":{"loc":{"start":{"line":75,"column":8},"end":{"line":80,"column":9}},"type":"if","locations":[{"start":{"line":75,"column":8},"end":{"line":80,"column":9}},{"start":{},"end":{}}],"line":75},"3":{"loc":{"start":{"line":76,"column":10},"end":{"line":77,"column":60}},"type":"binary-expr","locations":[{"start":{"line":76,"column":10},"end":{"line":76,"column":22}},{"start":{"line":77,"column":11},"end":{"line":77,"column":31}},{"start":{"line":77,"column":35},"end":{"line":77,"column":59}}],"line":76},"4":{"loc":{"start":{"line":84,"column":8},"end":{"line":84,"column":43}},"type":"if","locations":[{"start":{"line":84,"column":8},"end":{"line":84,"column":43}},{"start":{},"end":{}}],"line":84},"5":{"loc":{"start":{"line":90,"column":8},"end":{"line":95,"column":9}},"type":"if","locations":[{"start":{"line":90,"column":8},"end":{"line":95,"column":9}},{"start":{},"end":{}}],"line":90},"6":{"loc":{"start":{"line":114,"column":8},"end":{"line":119,"column":9}},"type":"if","locations":[{"start":{"line":114,"column":8},"end":{"line":119,"column":9}},{"start":{},"end":{}}],"line":114},"7":{"loc":{"start":{"line":115,"column":10},"end":{"line":116,"column":61}},"type":"binary-expr","locations":[{"start":{"line":115,"column":10},"end":{"line":115,"column":22}},{"start":{"line":116,"column":11},"end":{"line":116,"column":31}},{"start":{"line":116,"column":35},"end":{"line":116,"column":60}}],"line":115},"8":{"loc":{"start":{"line":123,"column":8},"end":{"line":123,"column":45}},"type":"if","locations":[{"start":{"line":123,"column":8},"end":{"line":123,"column":45}},{"start":{},"end":{}}],"line":123}},"s":{"0":6,"1":6,"2":6,"3":6,"4":6,"5":6,"6":1,"7":1,"8":0,"9":1,"10":0,"11":0,"12":4,"13":13,"14":13,"15":0,"16":0,"17":0,"18":0,"19":4,"20":0,"21":4,"22":3,"23":1,"24":0,"25":0,"26":0,"27":4,"28":0,"29":4,"30":0,"31":0,"32":0,"33":2,"34":0,"35":3,"36":0,"37":0,"38":0,"39":0,"40":0,"41":0,"42":0,"43":6},"f":{"0":6,"1":1,"2":1,"3":0,"4":0,"5":4,"6":13,"7":0,"8":4,"9":0,"10":4,"11":0,"12":0,"13":0,"14":4,"15":0,"16":2,"17":0,"18":3,"19":0,"20":0,"21":0,"22":0,"23":0,"24":0,"25":0},"b":{"0":[1,0],"1":[1,0],"2":[13,0],"3":[13,13,11],"4":[0,0],"5":[3,1],"6":[0,4],"7":[4,4,4],"8":[0,0]},"_coverageSchema":"1a1c01bbd47fc00a2c39e90264f33305004495a9","hash":"0ff3056bdd11b2f433cdf0af03d653749ea0f1f1"}
,"C:\\Users\\fuads\\HACKTIV8\\83\\p2\\w3\\-IP-Fuad-HCK83\\daunKu_backend\\controllers\\aiController.js": {"path":"C:\\Users\\fuads\\HACKTIV8\\83\\p2\\w3\\-IP-Fuad-HCK83\\daunKu_backend\\controllers\\aiController.js","statementMap":{"0":{"start":{"line":1,"column":31},"end":{"line":1,"column":63}},"1":{"start":{"line":2,"column":11},"end":{"line":2,"column":31}},"2":{"start":{"line":4,"column":23},"end":{"line":4,"column":49}},"3":{"start":{"line":5,"column":14},"end":{"line":5,"column":52}},"4":{"start":{"line":6,"column":14},"end":{"line":6,"column":63}},"5":{"start":{"line":11,"column":61},"end":{"line":11,"column":69}},"6":{"start":{"line":13,"column":4},"end":{"line":46,"column":5}},"7":{"start":{"line":14,"column":20},"end":{"line":16,"column":8}},"8":{"start":{"line":18,"column":6},"end":{"line":23,"column":7}},"9":{"start":{"line":19,"column":8},"end":{"line":22,"column":11}},"10":{"start":{"line":25,"column":19},"end":{"line":27,"column":11}},"11":{"start":{"line":28,"column":6},"end":{"line":28,"column":74}},"12":{"start":{"line":29,"column":6},"end":{"line":31,"column":7}},"13":{"start":{"line":30,"column":8},"end":{"line":30,"column":138}},"14":{"start":{"line":32,"column":6},"end":{"line":32,"column":198}},"15":{"start":{"line":34,"column":21},"end":{"line":34,"column":56}},"16":{"start":{"line":35,"column":23},"end":{"line":35,"column":44}},"17":{"start":{"line":36,"column":19},"end":{"line":36,"column":34}},"18":{"start":{"line":38,"column":6},"end":{"line":38,"column":81}},"19":{"start":{"line":40,"column":6},"end":{"line":40,"column":63}},"20":{"start":{"line":41,"column":6},"end":{"line":45,"column":9}},"21":{"start":{"line":51,"column":34},"end":{"line":51,"column":42}},"22":{"start":{"line":53,"column":4},"end":{"line":83,"column":5}},"23":{"start":{"line":54,"column":20},"end":{"line":56,"column":8}},"24":{"start":{"line":58,"column":6},"end":{"line":63,"column":7}},"25":{"start":{"line":59,"column":8},"end":{"line":62,"column":11}},"26":{"start":{"line":65,"column":19},"end":{"line":67,"column":11}},"27":{"start":{"line":68,"column":6},"end":{"line":68,"column":101}},"28":{"start":{"line":69,"column":6},"end":{"line":69,"column":75}},"29":{"start":{"line":71,"column":21},"end":{"line":71,"column":56}},"30":{"start":{"line":72,"column":23},"end":{"line":72,"column":44}},"31":{"start":{"line":73,"column":19},"end":{"line":73,"column":34}},"32":{"start":{"line":75,"column":6},"end":{"line":75,"column":77}},"33":{"start":{"line":77,"column":6},"end":{"line":77,"column":71}},"34":{"start":{"line":78,"column":6},"end":{"line":82,"column":9}},"35":{"start":{"line":87,"column":0},"end":{"line":87,"column":30}}},"fnMap":{"0":{"name":"(anonymous_0)","decl":{"start":{"line":10,"column":2},"end":{"line":10,"column":3}},"loc":{"start":{"line":10,"column":47},"end":{"line":47,"column":3}},"line":10},"1":{"name":"(anonymous_1)","decl":{"start":{"line":50,"column":2},"end":{"line":50,"column":3}},"loc":{"start":{"line":50,"column":45},"end":{"line":84,"column":3}},"line":50}},"branchMap":{"0":{"loc":{"start":{"line":18,"column":6},"end":{"line":23,"column":7}},"type":"if","locations":[{"start":{"line":18,"column":6},"end":{"line":23,"column":7}},{"start":{},"end":{}}],"line":18},"1":{"loc":{"start":{"line":26,"column":8},"end":{"line":26,"column":46}},"type":"binary-expr","locations":[{"start":{"line":26,"column":8},"end":{"line":26,"column":25}},{"start":{"line":26,"column":29},"end":{"line":26,"column":46}}],"line":26},"2":{"loc":{"start":{"line":29,"column":6},"end":{"line":31,"column":7}},"type":"if","locations":[{"start":{"line":29,"column":6},"end":{"line":31,"column":7}},{"start":{},"end":{}}],"line":29},"3":{"loc":{"start":{"line":58,"column":6},"end":{"line":63,"column":7}},"type":"if","locations":[{"start":{"line":58,"column":6},"end":{"line":63,"column":7}},{"start":{},"end":{}}],"line":58},"4":{"loc":{"start":{"line":66,"column":8},"end":{"line":66,"column":46}},"type":"binary-expr","locations":[{"start":{"line":66,"column":8},"end":{"line":66,"column":25}},{"start":{"line":66,"column":29},"end":{"line":66,"column":46}}],"line":66},"5":{"loc":{"start":{"line":68,"column":56},"end":{"line":68,"column":84}},"type":"binary-expr","locations":[{"start":{"line":68,"column":56},"end":{"line":68,"column":64}},{"start":{"line":68,"column":68},"end":{"line":68,"column":84}}],"line":68}},"s":{"0":4,"1":4,"2":4,"3":4,"4":4,"5":0,"6":0,"7":0,"8":0,"9":0,"10":0,"11":0,"12":0,"13":0,"14":0,"15":0,"16":0,"17":0,"18":0,"19":0,"20":0,"21":0,"22":0,"23":0,"24":0,"25":0,"26":0,"27":0,"28":0,"29":0,"30":0,"31":0,"32":0,"33":0,"34":0,"35":4},"f":{"0":0,"1":0},"b":{"0":[0,0],"1":[0,0],"2":[0,0],"3":[0,0],"4":[0,0],"5":[0,0]},"_coverageSchema":"1a1c01bbd47fc00a2c39e90264f33305004495a9","hash":"7e2bc1c753d2c5a9b52cf0c82fbf522c9d478ce6"}
,"C:\\Users\\fuads\\HACKTIV8\\83\\p2\\w3\\-IP-Fuad-HCK83\\daunKu_backend\\controllers\\authorization.js": {"path":"C:\\Users\\fuads\\HACKTIV8\\83\\p2\\w3\\-IP-Fuad-HCK83\\daunKu_backend\\controllers\\authorization.js","statementMap":{"0":{"start":{"line":1,"column":17},"end":{"line":1,"column":43}},"1":{"start":{"line":2,"column":42},"end":{"line":2,"column":70}},"2":{"start":{"line":3,"column":22},"end":{"line":3,"column":47}},"3":{"start":{"line":4,"column":25},"end":{"line":4,"column":55}},"4":{"start":{"line":7,"column":15},"end":{"line":7,"column":61}},"5":{"start":{"line":11,"column":4},"end":{"line":34,"column":5}},"6":{"start":{"line":12,"column":44},"end":{"line":12,"column":52}},"7":{"start":{"line":13,"column":6},"end":{"line":13,"column":77}},"8":{"start":{"line":15,"column":6},"end":{"line":20,"column":7}},"9":{"start":{"line":16,"column":8},"end":{"line":19,"column":10}},"10":{"start":{"line":22,"column":6},"end":{"line":22,"column":38}},"11":{"start":{"line":23,"column":22},"end":{"line":23,"column":70}},"12":{"start":{"line":24,"column":6},"end":{"line":24,"column":60}},"13":{"start":{"line":26,"column":6},"end":{"line":30,"column":9}},"14":{"start":{"line":32,"column":6},"end":{"line":32,"column":46}},"15":{"start":{"line":33,"column":6},"end":{"line":33,"column":18}},"16":{"start":{"line":38,"column":4},"end":{"line":74,"column":5}},"17":{"start":{"line":39,"column":34},"end":{"line":39,"column":42}},"18":{"start":{"line":40,"column":6},"end":{"line":45,"column":7}},"19":{"start":{"line":41,"column":8},"end":{"line":44,"column":10}},"20":{"start":{"line":47,"column":19},"end":{"line":47,"column":59}},"21":{"start":{"line":48,"column":6},"end":{"line":50,"column":7}},"22":{"start":{"line":49,"column":8},"end":{"line":49,"column":77}},"23":{"start":{"line":52,"column":30},"end":{"line":52,"column":70}},"24":{"start":{"line":53,"column":6},"end":{"line":55,"column":7}},"25":{"start":{"line":54,"column":8},"end":{"line":54,"column":77}},"26":{"start":{"line":57,"column":22},"end":{"line":61,"column":7}},"27":{"start":{"line":62,"column":27},"end":{"line":62,"column":45}},"28":{"start":{"line":64,"column":6},"end":{"line":71,"column":9}},"29":{"start":{"line":73,"column":6},"end":{"line":73,"column":18}},"30":{"start":{"line":79,"column":4},"end":{"line":159,"column":5}},"31":{"start":{"line":80,"column":6},"end":{"line":80,"column":64}},"32":{"start":{"line":81,"column":27},"end":{"line":81,"column":35}},"33":{"start":{"line":83,"column":6},"end":{"line":88,"column":7}},"34":{"start":{"line":84,"column":8},"end":{"line":84,"column":46}},"35":{"start":{"line":85,"column":8},"end":{"line":87,"column":11}},"36":{"start":{"line":90,"column":6},"end":{"line":90,"column":50}},"37":{"start":{"line":91,"column":6},"end":{"line":91,"column":78}},"38":{"start":{"line":94,"column":21},"end":{"line":97,"column":8}},"39":{"start":{"line":99,"column":22},"end":{"line":99,"column":41}},"40":{"start":{"line":100,"column":39},"end":{"line":100,"column":46}},"41":{"start":{"line":102,"column":6},"end":{"line":102,"column":57}},"42":{"start":{"line":103,"column":6},"end":{"line":103,"column":73}},"43":{"start":{"line":106,"column":17},"end":{"line":106,"column":57}},"44":{"start":{"line":108,"column":6},"end":{"line":131,"column":7}},"45":{"start":{"line":109,"column":8},"end":{"line":109,"column":59}},"46":{"start":{"line":112,"column":10},"end":{"line":112,"column":62}},"47":{"start":{"line":113,"column":31},"end":{"line":113,"column":59}},"48":{"start":{"line":116,"column":25},"end":{"line":116,"column":72}},"49":{"start":{"line":117,"column":8},"end":{"line":119,"column":9}},"50":{"start":{"line":118,"column":10},"end":{"line":118,"column":64}},"51":{"start":{"line":121,"column":8},"end":{"line":126,"column":11}},"52":{"start":{"line":128,"column":8},"end":{"line":128,"column":66}},"53":{"start":{"line":130,"column":8},"end":{"line":130,"column":60}},"54":{"start":{"line":134,"column":27},"end":{"line":138,"column":8}},"55":{"start":{"line":140,"column":6},"end":{"line":140,"column":59}},"56":{"start":{"line":142,"column":6},"end":{"line":149,"column":9}},"57":{"start":{"line":151,"column":6},"end":{"line":151,"column":60}},"58":{"start":{"line":152,"column":6},"end":{"line":152,"column":44}},"59":{"start":{"line":155,"column":6},"end":{"line":158,"column":9}},"60":{"start":{"line":163,"column":0},"end":{"line":163,"column":32}}},"fnMap":{"0":{"name":"(anonymous_0)","decl":{"start":{"line":10,"column":2},"end":{"line":10,"column":3}},"loc":{"start":{"line":10,"column":40},"end":{"line":35,"column":3}},"line":10},"1":{"name":"(anonymous_1)","decl":{"start":{"line":37,"column":2},"end":{"line":37,"column":3}},"loc":{"start":{"line":37,"column":37},"end":{"line":75,"column":3}},"line":37},"2":{"name":"(anonymous_2)","decl":{"start":{"line":78,"column":2},"end":{"line":78,"column":3}},"loc":{"start":{"line":78,"column":47},"end":{"line":160,"column":3}},"line":78}},"branchMap":{"0":{"loc":{"start":{"line":15,"column":6},"end":{"line":20,"column":7}},"type":"if","locations":[{"start":{"line":15,"column":6},"end":{"line":20,"column":7}},{"start":{},"end":{}}],"line":15},"1":{"loc":{"start":{"line":15,"column":10},"end":{"line":15,"column":42}},"type":"binary-expr","locations":[{"start":{"line":15,"column":10},"end":{"line":15,"column":19}},{"start":{"line":15,"column":23},"end":{"line":15,"column":29}},{"start":{"line":15,"column":33},"end":{"line":15,"column":42}}],"line":15},"2":{"loc":{"start":{"line":40,"column":6},"end":{"line":45,"column":7}},"type":"if","locations":[{"start":{"line":40,"column":6},"end":{"line":45,"column":7}},{"start":{},"end":{}}],"line":40},"3":{"loc":{"start":{"line":40,"column":10},"end":{"line":40,"column":29}},"type":"binary-expr","locations":[{"start":{"line":40,"column":10},"end":{"line":40,"column":16}},{"start":{"line":40,"column":20},"end":{"line":40,"column":29}}],"line":40},"4":{"loc":{"start":{"line":48,"column":6},"end":{"line":50,"column":7}},"type":"if","locations":[{"start":{"line":48,"column":6},"end":{"line":50,"column":7}},{"start":{},"end":{}}],"line":48},"5":{"loc":{"start":{"line":53,"column":6},"end":{"line":55,"column":7}},"type":"if","locations":[{"start":{"line":53,"column":6},"end":{"line":55,"column":7}},{"start":{},"end":{}}],"line":53},"6":{"loc":{"start":{"line":83,"column":6},"end":{"line":88,"column":7}},"type":"if","locations":[{"start":{"line":83,"column":6},"end":{"line":88,"column":7}},{"start":{},"end":{}}],"line":83},"7":{"loc":{"start":{"line":108,"column":6},"end":{"line":131,"column":7}},"type":"if","locations":[{"start":{"line":108,"column":6},"end":{"line":131,"column":7}},{"start":{"line":129,"column":13},"end":{"line":131,"column":7}}],"line":108},"8":{"loc":{"start":{"line":117,"column":8},"end":{"line":119,"column":9}},"type":"if","locations":[{"start":{"line":117,"column":8},"end":{"line":119,"column":9}},{"start":{},"end":{}}],"line":117}},"s":{"0":7,"1":7,"2":7,"3":7,"4":7,"5":7,"6":7,"7":7,"8":7,"9":1,"10":6,"11":6,"12":4,"13":4,"14":3,"15":3,"16":6,"17":6,"18":6,"19":1,"20":5,"21":5,"22":1,"23":4,"24":4,"25":2,"26":2,"27":2,"28":2,"29":4,"30":3,"31":3,"32":3,"33":3,"34":3,"35":3,"36":0,"37":0,"38":0,"39":0,"40":0,"41":0,"42":0,"43":0,"44":0,"45":0,"46":0,"47":0,"48":0,"49":0,"50":0,"51":0,"52":0,"53":0,"54":0,"55":0,"56":0,"57":0,"58":0,"59":0,"60":7},"f":{"0":7,"1":6,"2":3},"b":{"0":[1,6],"1":[7,6,6],"2":[1,5],"3":[6,5],"4":[1,4],"5":[2,2],"6":[3,0],"7":[0,0],"8":[0,0]},"_coverageSchema":"1a1c01bbd47fc00a2c39e90264f33305004495a9","hash":"0352da706942f24871ca47d187547b3ed6fac0c7"}
,"C:\\Users\\fuads\\HACKTIV8\\83\\p2\\w3\\-IP-Fuad-HCK83\\daunKu_backend\\controllers\\careLogController.js": {"path":"C:\\Users\\fuads\\HACKTIV8\\83\\p2\\w3\\-IP-Fuad-HCK83\\daunKu_backend\\controllers\\careLogController.js","statementMap":{"0":{"start":{"line":1,"column":11},"end":{"line":1,"column":31}},"1":{"start":{"line":14,"column":8},"end":{"line":14,"column":16}},"2":{"start":{"line":16,"column":4},"end":{"line":49,"column":5}},"3":{"start":{"line":17,"column":20},"end":{"line":19,"column":8}},"4":{"start":{"line":21,"column":6},"end":{"line":26,"column":7}},"5":{"start":{"line":22,"column":8},"end":{"line":25,"column":11}},"6":{"start":{"line":28,"column":22},"end":{"line":36,"column":8}},"7":{"start":{"line":38,"column":6},"end":{"line":41,"column":7}},"8":{"start":{"line":39,"column":8},"end":{"line":39,"column":33}},"9":{"start":{"line":40,"column":8},"end":{"line":40,"column":27}},"10":{"start":{"line":43,"column":6},"end":{"line":46,"column":9}},"11":{"start":{"line":48,"column":6},"end":{"line":48,"column":18}},"12":{"start":{"line":54,"column":24},"end":{"line":54,"column":34}},"13":{"start":{"line":56,"column":4},"end":{"line":79,"column":5}},"14":{"start":{"line":57,"column":20},"end":{"line":59,"column":8}},"15":{"start":{"line":61,"column":6},"end":{"line":66,"column":7}},"16":{"start":{"line":62,"column":8},"end":{"line":65,"column":11}},"17":{"start":{"line":68,"column":23},"end":{"line":71,"column":8}},"18":{"start":{"line":73,"column":6},"end":{"line":76,"column":9}},"19":{"start":{"line":78,"column":6},"end":{"line":78,"column":18}},"20":{"start":{"line":84,"column":4},"end":{"line":103,"column":5}},"21":{"start":{"line":85,"column":23},"end":{"line":95,"column":8}},"22":{"start":{"line":97,"column":6},"end":{"line":100,"column":9}},"23":{"start":{"line":102,"column":6},"end":{"line":102,"column":18}},"24":{"start":{"line":108,"column":19},"end":{"line":108,"column":29}},"25":{"start":{"line":109,"column":23},"end":{"line":109,"column":31}},"26":{"start":{"line":111,"column":4},"end":{"line":137,"column":5}},"27":{"start":{"line":112,"column":22},"end":{"line":120,"column":8}},"28":{"start":{"line":122,"column":6},"end":{"line":127,"column":7}},"29":{"start":{"line":123,"column":8},"end":{"line":126,"column":11}},"30":{"start":{"line":129,"column":6},"end":{"line":129,"column":39}},"31":{"start":{"line":131,"column":6},"end":{"line":134,"column":9}},"32":{"start":{"line":136,"column":6},"end":{"line":136,"column":18}},"33":{"start":{"line":142,"column":19},"end":{"line":142,"column":29}},"34":{"start":{"line":144,"column":4},"end":{"line":169,"column":5}},"35":{"start":{"line":145,"column":22},"end":{"line":153,"column":8}},"36":{"start":{"line":155,"column":6},"end":{"line":160,"column":7}},"37":{"start":{"line":156,"column":8},"end":{"line":159,"column":11}},"38":{"start":{"line":162,"column":6},"end":{"line":162,"column":30}},"39":{"start":{"line":164,"column":6},"end":{"line":166,"column":9}},"40":{"start":{"line":168,"column":6},"end":{"line":168,"column":18}},"41":{"start":{"line":173,"column":0},"end":{"line":173,"column":35}}},"fnMap":{"0":{"name":"(anonymous_0)","decl":{"start":{"line":5,"column":2},"end":{"line":5,"column":3}},"loc":{"start":{"line":5,"column":42},"end":{"line":50,"column":3}},"line":5},"1":{"name":"(anonymous_1)","decl":{"start":{"line":53,"column":2},"end":{"line":53,"column":3}},"loc":{"start":{"line":53,"column":50},"end":{"line":80,"column":3}},"line":53},"2":{"name":"(anonymous_2)","decl":{"start":{"line":83,"column":2},"end":{"line":83,"column":3}},"loc":{"start":{"line":83,"column":46},"end":{"line":104,"column":3}},"line":83},"3":{"name":"(anonymous_3)","decl":{"start":{"line":107,"column":2},"end":{"line":107,"column":3}},"loc":{"start":{"line":107,"column":45},"end":{"line":138,"column":3}},"line":107},"4":{"name":"(anonymous_4)","decl":{"start":{"line":141,"column":2},"end":{"line":141,"column":3}},"loc":{"start":{"line":141,"column":45},"end":{"line":170,"column":3}},"line":141}},"branchMap":{"0":{"loc":{"start":{"line":9,"column":6},"end":{"line":9,"column":23}},"type":"default-arg","locations":[{"start":{"line":9,"column":13},"end":{"line":9,"column":23}}],"line":9},"1":{"loc":{"start":{"line":21,"column":6},"end":{"line":26,"column":7}},"type":"if","locations":[{"start":{"line":21,"column":6},"end":{"line":26,"column":7}},{"start":{},"end":{}}],"line":21},"2":{"loc":{"start":{"line":38,"column":6},"end":{"line":41,"column":7}},"type":"if","locations":[{"start":{"line":38,"column":6},"end":{"line":41,"column":7}},{"start":{},"end":{}}],"line":38},"3":{"loc":{"start":{"line":61,"column":6},"end":{"line":66,"column":7}},"type":"if","locations":[{"start":{"line":61,"column":6},"end":{"line":66,"column":7}},{"start":{},"end":{}}],"line":61},"4":{"loc":{"start":{"line":122,"column":6},"end":{"line":127,"column":7}},"type":"if","locations":[{"start":{"line":122,"column":6},"end":{"line":127,"column":7}},{"start":{},"end":{}}],"line":122},"5":{"loc":{"start":{"line":155,"column":6},"end":{"line":160,"column":7}},"type":"if","locations":[{"start":{"line":155,"column":6},"end":{"line":160,"column":7}},{"start":{},"end":{}}],"line":155}},"s":{"0":7,"1":4,"2":4,"3":4,"4":4,"5":0,"6":4,"7":4,"8":2,"9":2,"10":4,"11":0,"12":3,"13":3,"14":3,"15":3,"16":0,"17":3,"18":3,"19":0,"20":2,"21":2,"22":2,"23":0,"24":2,"25":2,"26":2,"27":2,"28":2,"29":2,"30":0,"31":0,"32":0,"33":2,"34":2,"35":2,"36":2,"37":2,"38":0,"39":0,"40":0,"41":7},"f":{"0":4,"1":3,"2":2,"3":2,"4":2},"b":{"0":[4],"1":[0,4],"2":[2,2],"3":[0,3],"4":[2,0],"5":[2,0]},"_coverageSchema":"1a1c01bbd47fc00a2c39e90264f33305004495a9","hash":"d44b577e60730c49293db35c6d37015b200e8d56"}
,"C:\\Users\\fuads\\HACKTIV8\\83\\p2\\w3\\-IP-Fuad-HCK83\\daunKu_backend\\controllers\\plantController.js": {"path":"C:\\Users\\fuads\\HACKTIV8\\83\\p2\\w3\\-IP-Fuad-HCK83\\daunKu_backend\\controllers\\plantController.js","statementMap":{"0":{"start":{"line":1,"column":14},"end":{"line":1,"column":30}},"1":{"start":{"line":2,"column":11},"end":{"line":2,"column":31}},"2":{"start":{"line":3,"column":19},"end":{"line":3,"column":43}},"3":{"start":{"line":4,"column":17},"end":{"line":4,"column":37}},"4":{"start":{"line":6,"column":0},"end":{"line":10,"column":3}},"5":{"start":{"line":13,"column":25},"end":{"line":13,"column":53}},"6":{"start":{"line":14,"column":25},"end":{"line":14,"column":66}},"7":{"start":{"line":18,"column":4},"end":{"line":18,"column":68}},"8":{"start":{"line":19,"column":4},"end":{"line":19,"column":46}},"9":{"start":{"line":21,"column":4},"end":{"line":27,"column":5}},"10":{"start":{"line":22,"column":6},"end":{"line":26,"column":9}},"11":{"start":{"line":29,"column":4},"end":{"line":168,"column":5}},"12":{"start":{"line":31,"column":21},"end":{"line":39,"column":7}},"13":{"start":{"line":40,"column":23},"end":{"line":40,"column":40}},"14":{"start":{"line":41,"column":6},"end":{"line":41,"column":61}},"15":{"start":{"line":44,"column":23},"end":{"line":44,"column":43}},"16":{"start":{"line":45,"column":19},"end":{"line":45,"column":33}},"17":{"start":{"line":48,"column":28},"end":{"line":50,"column":8}},"18":{"start":{"line":52,"column":6},"end":{"line":55,"column":9}},"19":{"start":{"line":56,"column":6},"end":{"line":56,"column":36}},"20":{"start":{"line":58,"column":6},"end":{"line":58,"column":56}},"21":{"start":{"line":61,"column":24},"end":{"line":61,"column":62}},"22":{"start":{"line":63,"column":25},"end":{"line":63,"column":29}},"23":{"start":{"line":64,"column":25},"end":{"line":64,"column":29}},"24":{"start":{"line":66,"column":6},"end":{"line":93,"column":7}},"25":{"start":{"line":67,"column":8},"end":{"line":92,"column":9}},"26":{"start":{"line":68,"column":10},"end":{"line":68,"column":58}},"27":{"start":{"line":70,"column":35},"end":{"line":79,"column":11}},"28":{"start":{"line":81,"column":10},"end":{"line":81,"column":47}},"29":{"start":{"line":82,"column":10},"end":{"line":82,"column":34}},"30":{"start":{"line":83,"column":10},"end":{"line":83,"column":78}},"31":{"start":{"line":84,"column":10},"end":{"line":84,"column":16}},"32":{"start":{"line":86,"column":10},"end":{"line":90,"column":12}},"33":{"start":{"line":91,"column":10},"end":{"line":91,"column":19}},"34":{"start":{"line":96,"column":6},"end":{"line":114,"column":7}},"35":{"start":{"line":97,"column":8},"end":{"line":99,"column":10}},"36":{"start":{"line":100,"column":8},"end":{"line":113,"column":11}},"37":{"start":{"line":117,"column":30},"end":{"line":117,"column":32}},"38":{"start":{"line":118,"column":6},"end":{"line":142,"column":7}},"39":{"start":{"line":123,"column":26},"end":{"line":123,"column":49}},"40":{"start":{"line":125,"column":8},"end":{"line":133,"column":10}},"41":{"start":{"line":135,"column":8},"end":{"line":141,"column":10}},"42":{"start":{"line":144,"column":6},"end":{"line":144,"column":64}},"43":{"start":{"line":146,"column":6},"end":{"line":152,"column":9}},"44":{"start":{"line":154,"column":6},"end":{"line":154,"column":39}},"45":{"start":{"line":155,"column":6},"end":{"line":155,"column":47}},"46":{"start":{"line":156,"column":6},"end":{"line":156,"column":43}},"47":{"start":{"line":158,"column":6},"end":{"line":161,"column":7}},"48":{"start":{"line":159,"column":8},"end":{"line":159,"column":56}},"49":{"start":{"line":160,"column":8},"end":{"line":160,"column":52}},"50":{"start":{"line":163,"column":6},"end":{"line":167,"column":9}},"51":{"start":{"line":182,"column":8},"end":{"line":182,"column":16}},"52":{"start":{"line":184,"column":4},"end":{"line":220,"column":5}},"53":{"start":{"line":185,"column":6},"end":{"line":190,"column":7}},"54":{"start":{"line":186,"column":8},"end":{"line":189,"column":11}},"55":{"start":{"line":191,"column":33},"end":{"line":191,"column":37}},"56":{"start":{"line":192,"column":6},"end":{"line":202,"column":7}},"57":{"start":{"line":198,"column":24},"end":{"line":198,"column":49}},"58":{"start":{"line":199,"column":8},"end":{"line":201,"column":9}},"59":{"start":{"line":200,"column":10},"end":{"line":200,"column":41}},"60":{"start":{"line":203,"column":20},"end":{"line":215,"column":8}},"61":{"start":{"line":216,"column":6},"end":{"line":216,"column":80}},"62":{"start":{"line":218,"column":6},"end":{"line":218,"column":57}},"63":{"start":{"line":219,"column":6},"end":{"line":219,"column":18}},"64":{"start":{"line":224,"column":4},"end":{"line":247,"column":5}},"65":{"start":{"line":225,"column":6},"end":{"line":225,"column":43}},"66":{"start":{"line":226,"column":6},"end":{"line":226,"column":49}},"67":{"start":{"line":228,"column":21},"end":{"line":238,"column":8}},"68":{"start":{"line":240,"column":6},"end":{"line":240,"column":50}},"69":{"start":{"line":241,"column":6},"end":{"line":241,"column":35}},"70":{"start":{"line":243,"column":6},"end":{"line":243,"column":57}},"71":{"start":{"line":244,"column":6},"end":{"line":244,"column":53}},"72":{"start":{"line":245,"column":6},"end":{"line":245,"column":49}},"73":{"start":{"line":246,"column":6},"end":{"line":246,"column":18}},"74":{"start":{"line":251,"column":4},"end":{"line":264,"column":5}},"75":{"start":{"line":252,"column":20},"end":{"line":255,"column":8}},"76":{"start":{"line":257,"column":6},"end":{"line":259,"column":7}},"77":{"start":{"line":258,"column":8},"end":{"line":258,"column":79}},"78":{"start":{"line":260,"column":6},"end":{"line":260,"column":34}},"79":{"start":{"line":262,"column":6},"end":{"line":262,"column":64}},"80":{"start":{"line":263,"column":6},"end":{"line":263,"column":18}},"81":{"start":{"line":281,"column":8},"end":{"line":281,"column":16}},"82":{"start":{"line":283,"column":4},"end":{"line":311,"column":5}},"83":{"start":{"line":284,"column":20},"end":{"line":286,"column":8}},"84":{"start":{"line":288,"column":6},"end":{"line":290,"column":7}},"85":{"start":{"line":289,"column":8},"end":{"line":289,"column":79}},"86":{"start":{"line":292,"column":6},"end":{"line":305,"column":9}},"87":{"start":{"line":307,"column":6},"end":{"line":307,"column":79}},"88":{"start":{"line":309,"column":6},"end":{"line":309,"column":57}},"89":{"start":{"line":310,"column":6},"end":{"line":310,"column":18}},"90":{"start":{"line":315,"column":4},"end":{"line":329,"column":5}},"91":{"start":{"line":316,"column":20},"end":{"line":318,"column":8}},"92":{"start":{"line":320,"column":6},"end":{"line":322,"column":7}},"93":{"start":{"line":321,"column":8},"end":{"line":321,"column":79}},"94":{"start":{"line":324,"column":6},"end":{"line":324,"column":28}},"95":{"start":{"line":325,"column":6},"end":{"line":325,"column":69}},"96":{"start":{"line":327,"column":6},"end":{"line":327,"column":55}},"97":{"start":{"line":328,"column":6},"end":{"line":328,"column":18}},"98":{"start":{"line":332,"column":4},"end":{"line":370,"column":5}},"99":{"start":{"line":333,"column":21},"end":{"line":333,"column":32}},"100":{"start":{"line":334,"column":26},"end":{"line":336,"column":8}},"101":{"start":{"line":338,"column":33},"end":{"line":345,"column":8}},"102":{"start":{"line":347,"column":28},"end":{"line":354,"column":8}},"103":{"start":{"line":356,"column":20},"end":{"line":361,"column":7}},"104":{"start":{"line":363,"column":6},"end":{"line":366,"column":9}},"105":{"start":{"line":368,"column":6},"end":{"line":368,"column":67}},"106":{"start":{"line":369,"column":6},"end":{"line":369,"column":18}},"107":{"start":{"line":374,"column":0},"end":{"line":374,"column":33}}},"fnMap":{"0":{"name":"(anonymous_0)","decl":{"start":{"line":17,"column":2},"end":{"line":17,"column":3}},"loc":{"start":{"line":17,"column":45},"end":{"line":169,"column":3}},"line":17},"1":{"name":"(anonymous_1)","decl":{"start":{"line":170,"column":2},"end":{"line":170,"column":3}},"loc":{"start":{"line":170,"column":40},"end":{"line":221,"column":3}},"line":170},"2":{"name":"(anonymous_2)","decl":{"start":{"line":223,"column":2},"end":{"line":223,"column":3}},"loc":{"start":{"line":223,"column":44},"end":{"line":248,"column":3}},"line":223},"3":{"name":"(anonymous_3)","decl":{"start":{"line":250,"column":2},"end":{"line":250,"column":3}},"loc":{"start":{"line":250,"column":44},"end":{"line":265,"column":3}},"line":250},"4":{"name":"(anonymous_4)","decl":{"start":{"line":267,"column":2},"end":{"line":267,"column":3}},"loc":{"start":{"line":267,"column":43},"end":{"line":312,"column":3}},"line":267},"5":{"name":"(anonymous_5)","decl":{"start":{"line":314,"column":2},"end":{"line":314,"column":3}},"loc":{"start":{"line":314,"column":43},"end":{"line":330,"column":3}},"line":314},"6":{"name":"(anonymous_6)","decl":{"start":{"line":331,"column":2},"end":{"line":331,"column":3}},"loc":{"start":{"line":331,"column":45},"end":{"line":371,"column":3}},"line":331}},"branchMap":{"0":{"loc":{"start":{"line":18,"column":36},"end":{"line":18,"column":66}},"type":"cond-expr","locations":[{"start":{"line":18,"column":47},"end":{"line":18,"column":52}},{"start":{"line":18,"column":55},"end":{"line":18,"column":66}}],"line":18},"1":{"loc":{"start":{"line":21,"column":4},"end":{"line":27,"column":5}},"type":"if","locations":[{"start":{"line":21,"column":4},"end":{"line":27,"column":5}},{"start":{},"end":{}}],"line":21},"2":{"loc":{"start":{"line":89,"column":12},"end":{"line":89,"column":74}},"type":"binary-expr","locations":[{"start":{"line":89,"column":12},"end":{"line":89,"column":49}},{"start":{"line":89,"column":53},"end":{"line":89,"column":74}}],"line":89},"3":{"loc":{"start":{"line":96,"column":6},"end":{"line":114,"column":7}},"type":"if","locations":[{"start":{"line":96,"column":6},"end":{"line":114,"column":7}},{"start":{},"end":{}}],"line":96},"4":{"loc":{"start":{"line":118,"column":6},"end":{"line":142,"column":7}},"type":"if","locations":[{"start":{"line":118,"column":6},"end":{"line":142,"column":7}},{"start":{"line":134,"column":13},"end":{"line":142,"column":7}}],"line":118},"5":{"loc":{"start":{"line":119,"column":8},"end":{"line":121,"column":39}},"type":"binary-expr","locations":[{"start":{"line":119,"column":8},"end":{"line":119,"column":20}},{"start":{"line":120,"column":8},"end":{"line":120,"column":28}},{"start":{"line":121,"column":8},"end":{"line":121,"column":39}}],"line":119},"6":{"loc":{"start":{"line":127,"column":12},"end":{"line":127,"column":79}},"type":"binary-expr","locations":[{"start":{"line":127,"column":12},"end":{"line":127,"column":58}},{"start":{"line":127,"column":62},"end":{"line":127,"column":79}}],"line":127},"7":{"loc":{"start":{"line":128,"column":22},"end":{"line":128,"column":78}},"type":"binary-expr","locations":[{"start":{"line":128,"column":22},"end":{"line":128,"column":57}},{"start":{"line":128,"column":61},"end":{"line":128,"column":78}}],"line":128},"8":{"loc":{"start":{"line":129,"column":29},"end":{"line":129,"column":49}},"type":"binary-expr","locations":[{"start":{"line":129,"column":29},"end":{"line":129,"column":44}},{"start":{"line":129,"column":48},"end":{"line":129,"column":49}}],"line":129},"9":{"loc":{"start":{"line":131,"column":12},"end":{"line":131,"column":74}},"type":"binary-expr","locations":[{"start":{"line":131,"column":12},"end":{"line":131,"column":66}},{"start":{"line":131,"column":70},"end":{"line":131,"column":74}}],"line":131},"10":{"loc":{"start":{"line":132,"column":17},"end":{"line":132,"column":78}},"type":"binary-expr","locations":[{"start":{"line":132,"column":17},"end":{"line":132,"column":70}},{"start":{"line":132,"column":74},"end":{"line":132,"column":78}}],"line":132},"11":{"loc":{"start":{"line":158,"column":6},"end":{"line":161,"column":7}},"type":"if","locations":[{"start":{"line":158,"column":6},"end":{"line":161,"column":7}},{"start":{},"end":{}}],"line":158},"12":{"loc":{"start":{"line":185,"column":6},"end":{"line":190,"column":7}},"type":"if","locations":[{"start":{"line":185,"column":6},"end":{"line":190,"column":7}},{"start":{},"end":{}}],"line":185},"13":{"loc":{"start":{"line":185,"column":10},"end":{"line":185,"column":49}},"type":"binary-expr","locations":[{"start":{"line":185,"column":10},"end":{"line":185,"column":21}},{"start":{"line":185,"column":25},"end":{"line":185,"column":49}}],"line":185},"14":{"loc":{"start":{"line":192,"column":6},"end":{"line":202,"column":7}},"type":"if","locations":[{"start":{"line":192,"column":6},"end":{"line":202,"column":7}},{"start":{},"end":{}}],"line":192},"15":{"loc":{"start":{"line":193,"column":8},"end":{"line":196,"column":39}},"type":"binary-expr","locations":[{"start":{"line":193,"column":8},"end":{"line":193,"column":23}},{"start":{"line":194,"column":8},"end":{"line":194,"column":42}},{"start":{"line":195,"column":8},"end":{"line":195,"column":37}},{"start":{"line":196,"column":8},"end":{"line":196,"column":39}}],"line":193},"16":{"loc":{"start":{"line":199,"column":8},"end":{"line":201,"column":9}},"type":"if","locations":[{"start":{"line":199,"column":8},"end":{"line":201,"column":9}},{"start":{},"end":{}}],"line":199},"17":{"loc":{"start":{"line":208,"column":15},"end":{"line":208,"column":28}},"type":"binary-expr","locations":[{"start":{"line":208,"column":15},"end":{"line":208,"column":20}},{"start":{"line":208,"column":24},"end":{"line":208,"column":28}}],"line":208},"18":{"loc":{"start":{"line":210,"column":18},"end":{"line":210,"column":34}},"type":"binary-expr","locations":[{"start":{"line":210,"column":18},"end":{"line":210,"column":26}},{"start":{"line":210,"column":30},"end":{"line":210,"column":34}}],"line":210},"19":{"loc":{"start":{"line":211,"column":18},"end":{"line":211,"column":34}},"type":"binary-expr","locations":[{"start":{"line":211,"column":18},"end":{"line":211,"column":26}},{"start":{"line":211,"column":30},"end":{"line":211,"column":34}}],"line":211},"20":{"loc":{"start":{"line":212,"column":20},"end":{"line":212,"column":39}},"type":"binary-expr","locations":[{"start":{"line":212,"column":20},"end":{"line":212,"column":30}},{"start":{"line":212,"column":34},"end":{"line":212,"column":39}}],"line":212},"21":{"loc":{"start":{"line":213,"column":20},"end":{"line":213,"column":39}},"type":"binary-expr","locations":[{"start":{"line":213,"column":20},"end":{"line":213,"column":30}},{"start":{"line":213,"column":34},"end":{"line":213,"column":39}}],"line":213},"22":{"loc":{"start":{"line":214,"column":23},"end":{"line":214,"column":45}},"type":"binary-expr","locations":[{"start":{"line":214,"column":23},"end":{"line":214,"column":36}},{"start":{"line":214,"column":40},"end":{"line":214,"column":45}}],"line":214},"23":{"loc":{"start":{"line":257,"column":6},"end":{"line":259,"column":7}},"type":"if","locations":[{"start":{"line":257,"column":6},"end":{"line":259,"column":7}},{"start":{},"end":{}}],"line":257},"24":{"loc":{"start":{"line":288,"column":6},"end":{"line":290,"column":7}},"type":"if","locations":[{"start":{"line":288,"column":6},"end":{"line":290,"column":7}},{"start":{},"end":{}}],"line":288},"25":{"loc":{"start":{"line":320,"column":6},"end":{"line":322,"column":7}},"type":"if","locations":[{"start":{"line":320,"column":6},"end":{"line":322,"column":7}},{"start":{},"end":{}}],"line":320}},"s":{"0":7,"1":7,"2":7,"3":7,"4":7,"5":7,"6":7,"7":0,"8":0,"9":0,"10":0,"11":0,"12":0,"13":0,"14":0,"15":0,"16":0,"17":0,"18":0,"19":0,"20":0,"21":0,"22":0,"23":0,"24":0,"25":0,"26":0,"27":0,"28":0,"29":0,"30":0,"31":0,"32":0,"33":0,"34":0,"35":0,"36":0,"37":0,"38":0,"39":0,"40":0,"41":0,"42":0,"43":0,"44":0,"45":0,"46":0,"47":0,"48":0,"49":0,"50":0,"51":6,"52":6,"53":6,"54":5,"55":1,"56":1,"57":0,"58":0,"59":0,"60":1,"61":1,"62":0,"63":0,"64":4,"65":4,"66":4,"67":4,"68":4,"69":4,"70":0,"71":0,"72":0,"73":0,"74":6,"75":6,"76":6,"77":0,"78":6,"79":0,"80":0,"81":2,"82":2,"83":2,"84":2,"85":0,"86":2,"87":2,"88":0,"89":0,"90":0,"91":0,"92":0,"93":0,"94":0,"95":0,"96":0,"97":0,"98":2,"99":2,"100":2,"101":2,"102":2,"103":2,"104":2,"105":0,"106":0,"107":7},"f":{"0":0,"1":6,"2":4,"3":6,"4":2,"5":0,"6":2},"b":{"0":[0,0],"1":[0,0],"2":[0,0],"3":[0,0],"4":[0,0],"5":[0,0,0],"6":[0,0],"7":[0,0],"8":[0,0],"9":[0,0],"10":[0,0],"11":[0,0],"12":[5,1],"13":[6,1],"14":[0,1],"15":[1,0,0,0],"16":[0,0],"17":[1,0],"18":[1,0],"19":[1,1],"20":[1,1],"21":[1,1],"22":[1,1],"23":[0,6],"24":[0,2],"25":[0,0]},"_coverageSchema":"1a1c01bbd47fc00a2c39e90264f33305004495a9","hash":"4e9c3485cd00159778551ca797c34bccab0e9ff3"}
,"C:\\Users\\fuads\\HACKTIV8\\83\\p2\\w3\\-IP-Fuad-HCK83\\daunKu_backend\\helpers\\bcrypt.js": {"path":"C:\\Users\\fuads\\HACKTIV8\\83\\p2\\w3\\-IP-Fuad-HCK83\\daunKu_backend\\helpers\\bcrypt.js","statementMap":{"0":{"start":{"line":1,"column":15},"end":{"line":1,"column":34}},"1":{"start":{"line":3,"column":21},"end":{"line":6,"column":1}},"2":{"start":{"line":4,"column":15},"end":{"line":4,"column":37}},"3":{"start":{"line":5,"column":2},"end":{"line":5,"column":41}},"4":{"start":{"line":8,"column":24},"end":{"line":10,"column":1}},"5":{"start":{"line":9,"column":2},"end":{"line":9,"column":54}},"6":{"start":{"line":12,"column":0},"end":{"line":12,"column":51}}},"fnMap":{"0":{"name":"(anonymous_0)","decl":{"start":{"line":3,"column":21},"end":{"line":3,"column":22}},"loc":{"start":{"line":3,"column":35},"end":{"line":6,"column":1}},"line":3},"1":{"name":"(anonymous_1)","decl":{"start":{"line":8,"column":24},"end":{"line":8,"column":25}},"loc":{"start":{"line":8,"column":54},"end":{"line":10,"column":1}},"line":8}},"branchMap":{},"s":{"0":3,"1":3,"2":0,"3":0,"4":3,"5":0,"6":3},"f":{"0":0,"1":0},"b":{},"_coverageSchema":"1a1c01bbd47fc00a2c39e90264f33305004495a9","hash":"5eb3eb0052206e1dc0ccd90bdb08e4797a8a3a42"}
,"C:\\Users\\fuads\\HACKTIV8\\83\\p2\\w3\\-IP-Fuad-HCK83\\daunKu_backend\\middleware\\auth.js": {"path":"C:\\Users\\fuads\\HACKTIV8\\83\\p2\\w3\\-IP-Fuad-HCK83\\daunKu_backend\\middleware\\auth.js","statementMap":{"0":{"start":{"line":2,"column":24},"end":{"line":2,"column":49}},"1":{"start":{"line":3,"column":17},"end":{"line":3,"column":37}},"2":{"start":{"line":6,"column":2},"end":{"line":37,"column":3}},"3":{"start":{"line":7,"column":24},"end":{"line":7,"column":49}},"4":{"start":{"line":8,"column":4},"end":{"line":10,"column":5}},"5":{"start":{"line":9,"column":6},"end":{"line":9,"column":71}},"6":{"start":{"line":11,"column":26},"end":{"line":11,"column":48}},"7":{"start":{"line":12,"column":4},"end":{"line":14,"column":5}},"8":{"start":{"line":13,"column":6},"end":{"line":13,"column":74}},"9":{"start":{"line":15,"column":17},"end":{"line":15,"column":35}},"10":{"start":{"line":17,"column":17},"end":{"line":17,"column":45}},"11":{"start":{"line":19,"column":4},"end":{"line":24,"column":5}},"12":{"start":{"line":20,"column":6},"end":{"line":23,"column":8}},"13":{"start":{"line":25,"column":4},"end":{"line":25,"column":20}},"14":{"start":{"line":27,"column":4},"end":{"line":27,"column":11}},"15":{"start":{"line":29,"column":4},"end":{"line":35,"column":5}},"16":{"start":{"line":30,"column":6},"end":{"line":30,"column":34}},"17":{"start":{"line":31,"column":6},"end":{"line":31,"column":41}},"18":{"start":{"line":32,"column":11},"end":{"line":35,"column":5}},"19":{"start":{"line":33,"column":6},"end":{"line":33,"column":34}},"20":{"start":{"line":34,"column":6},"end":{"line":34,"column":42}},"21":{"start":{"line":36,"column":4},"end":{"line":36,"column":16}},"22":{"start":{"line":40,"column":0},"end":{"line":40,"column":32}}},"fnMap":{"0":{"name":"authentication","decl":{"start":{"line":5,"column":15},"end":{"line":5,"column":29}},"loc":{"start":{"line":5,"column":46},"end":{"line":38,"column":1}},"line":5}},"branchMap":{"0":{"loc":{"start":{"line":8,"column":4},"end":{"line":10,"column":5}},"type":"if","locations":[{"start":{"line":8,"column":4},"end":{"line":10,"column":5}},{"start":{},"end":{}}],"line":8},"1":{"loc":{"start":{"line":12,"column":4},"end":{"line":14,"column":5}},"type":"if","locations":[{"start":{"line":12,"column":4},"end":{"line":14,"column":5}},{"start":{},"end":{}}],"line":12},"2":{"loc":{"start":{"line":19,"column":4},"end":{"line":24,"column":5}},"type":"if","locations":[{"start":{"line":19,"column":4},"end":{"line":24,"column":5}},{"start":{},"end":{}}],"line":19},"3":{"loc":{"start":{"line":29,"column":4},"end":{"line":35,"column":5}},"type":"if","locations":[{"start":{"line":29,"column":4},"end":{"line":35,"column":5}},{"start":{"line":32,"column":11},"end":{"line":35,"column":5}}],"line":29},"4":{"loc":{"start":{"line":32,"column":11},"end":{"line":35,"column":5}},"type":"if","locations":[{"start":{"line":32,"column":11},"end":{"line":35,"column":5}},{"start":{},"end":{}}],"line":32}},"s":{"0":1,"1":1,"2":0,"3":0,"4":0,"5":0,"6":0,"7":0,"8":0,"9":0,"10":0,"11":0,"12":0,"13":0,"14":0,"15":0,"16":0,"17":0,"18":0,"19":0,"20":0,"21":0,"22":1},"f":{"0":0},"b":{"0":[0,0],"1":[0,0],"2":[0,0],"3":[0,0],"4":[0,0]},"_coverageSchema":"1a1c01bbd47fc00a2c39e90264f33305004495a9","hash":"d7fca2f4435ace59cf7fdd8adf54be043f86ac6e"}
,"C:\\Users\\fuads\\HACKTIV8\\83\\p2\\w3\\-IP-Fuad-HCK83\\daunKu_backend\\middleware\\errorHandler.js": {"path":"C:\\Users\\fuads\\HACKTIV8\\83\\p2\\w3\\-IP-Fuad-HCK83\\daunKu_backend\\middleware\\errorHandler.js","statementMap":{"0":{"start":{"line":2,"column":21},"end":{"line":41,"column":1}},"1":{"start":{"line":3,"column":2},"end":{"line":3,"column":28}},"2":{"start":{"line":4,"column":19},"end":{"line":4,"column":22}},"3":{"start":{"line":5,"column":16},"end":{"line":5,"column":39}},"4":{"start":{"line":6,"column":15},"end":{"line":6,"column":17}},"5":{"start":{"line":7,"column":2},"end":{"line":38,"column":3}},"6":{"start":{"line":8,"column":4},"end":{"line":8,"column":21}},"7":{"start":{"line":9,"column":4},"end":{"line":9,"column":28}},"8":{"start":{"line":10,"column":9},"end":{"line":38,"column":3}},"9":{"start":{"line":14,"column":4},"end":{"line":14,"column":21}},"10":{"start":{"line":15,"column":4},"end":{"line":15,"column":40}},"11":{"start":{"line":16,"column":4},"end":{"line":21,"column":7}},"12":{"start":{"line":17,"column":6},"end":{"line":19,"column":7}},"13":{"start":{"line":18,"column":8},"end":{"line":18,"column":34}},"14":{"start":{"line":20,"column":6},"end":{"line":20,"column":49}},"15":{"start":{"line":22,"column":4},"end":{"line":22,"column":60}},"16":{"start":{"line":23,"column":9},"end":{"line":38,"column":3}},"17":{"start":{"line":24,"column":4},"end":{"line":24,"column":21}},"18":{"start":{"line":25,"column":4},"end":{"line":25,"column":28}},"19":{"start":{"line":26,"column":9},"end":{"line":38,"column":3}},"20":{"start":{"line":27,"column":4},"end":{"line":27,"column":21}},"21":{"start":{"line":28,"column":4},"end":{"line":28,"column":28}},"22":{"start":{"line":29,"column":9},"end":{"line":38,"column":3}},"23":{"start":{"line":30,"column":4},"end":{"line":30,"column":21}},"24":{"start":{"line":31,"column":4},"end":{"line":31,"column":28}},"25":{"start":{"line":32,"column":9},"end":{"line":38,"column":3}},"26":{"start":{"line":33,"column":4},"end":{"line":33,"column":21}},"27":{"start":{"line":34,"column":4},"end":{"line":34,"column":34}},"28":{"start":{"line":35,"column":9},"end":{"line":38,"column":3}},"29":{"start":{"line":36,"column":4},"end":{"line":36,"column":21}},"30":{"start":{"line":37,"column":4},"end":{"line":37,"column":33}},"31":{"start":{"line":40,"column":2},"end":{"line":40,"column":43}},"32":{"start":{"line":43,"column":0},"end":{"line":43,"column":30}}},"fnMap":{"0":{"name":"(anonymous_0)","decl":{"start":{"line":2,"column":21},"end":{"line":2,"column":22}},"loc":{"start":{"line":2,"column":50},"end":{"line":41,"column":1}},"line":2},"1":{"name":"(anonymous_1)","decl":{"start":{"line":16,"column":25},"end":{"line":16,"column":26}},"loc":{"start":{"line":16,"column":38},"end":{"line":21,"column":5}},"line":16}},"branchMap":{"0":{"loc":{"start":{"line":7,"column":2},"end":{"line":38,"column":3}},"type":"if","locations":[{"start":{"line":7,"column":2},"end":{"line":38,"column":3}},{"start":{"line":10,"column":9},"end":{"line":38,"column":3}}],"line":7},"1":{"loc":{"start":{"line":10,"column":9},"end":{"line":38,"column":3}},"type":"if","locations":[{"start":{"line":10,"column":9},"end":{"line":38,"column":3}},{"start":{"line":23,"column":9},"end":{"line":38,"column":3}}],"line":10},"2":{"loc":{"start":{"line":11,"column":4},"end":{"line":12,"column":51}},"type":"binary-expr","locations":[{"start":{"line":11,"column":4},"end":{"line":11,"column":45}},{"start":{"line":12,"column":4},"end":{"line":12,"column":51}}],"line":11},"3":{"loc":{"start":{"line":17,"column":6},"end":{"line":19,"column":7}},"type":"if","locations":[{"start":{"line":17,"column":6},"end":{"line":19,"column":7}},{"start":{},"end":{}}],"line":17},"4":{"loc":{"start":{"line":23,"column":9},"end":{"line":38,"column":3}},"type":"if","locations":[{"start":{"line":23,"column":9},"end":{"line":38,"column":3}},{"start":{"line":26,"column":9},"end":{"line":38,"column":3}}],"line":23},"5":{"loc":{"start":{"line":26,"column":9},"end":{"line":38,"column":3}},"type":"if","locations":[{"start":{"line":26,"column":9},"end":{"line":38,"column":3}},{"start":{"line":29,"column":9},"end":{"line":38,"column":3}}],"line":26},"6":{"loc":{"start":{"line":29,"column":9},"end":{"line":38,"column":3}},"type":"if","locations":[{"start":{"line":29,"column":9},"end":{"line":38,"column":3}},{"start":{"line":32,"column":9},"end":{"line":38,"column":3}}],"line":29},"7":{"loc":{"start":{"line":32,"column":9},"end":{"line":38,"column":3}},"type":"if","locations":[{"start":{"line":32,"column":9},"end":{"line":38,"column":3}},{"start":{"line":35,"column":9},"end":{"line":38,"column":3}}],"line":32},"8":{"loc":{"start":{"line":35,"column":9},"end":{"line":38,"column":3}},"type":"if","locations":[{"start":{"line":35,"column":9},"end":{"line":38,"column":3}},{"start":{},"end":{}}],"line":35}},"s":{"0":7,"1":16,"2":16,"3":16,"4":16,"5":16,"6":0,"7":0,"8":16,"9":2,"10":2,"11":2,"12":0,"13":0,"14":0,"15":0,"16":14,"17":3,"18":3,"19":11,"20":4,"21":4,"22":7,"23":0,"24":0,"25":7,"26":0,"27":0,"28":7,"29":0,"30":0,"31":14,"32":7},"f":{"0":16,"1":0},"b":{"0":[0,16],"1":[2,14],"2":[16,16],"3":[0,0],"4":[3,11],"5":[4,7],"6":[0,7],"7":[0,7],"8":[0,7]},"_coverageSchema":"1a1c01bbd47fc00a2c39e90264f33305004495a9","hash":"0aa403e911237f4cbeb363c5c39a21115da1462e"}
,"C:\\Users\\fuads\\HACKTIV8\\83\\p2\\w3\\-IP-Fuad-HCK83\\daunKu_backend\\routes\\aiRoutes.js": {"path":"C:\\Users\\fuads\\HACKTIV8\\83\\p2\\w3\\-IP-Fuad-HCK83\\daunKu_backend\\routes\\aiRoutes.js","statementMap":{"0":{"start":{"line":1,"column":16},"end":{"line":1,"column":34}},"1":{"start":{"line":2,"column":21},"end":{"line":2,"column":59}},"2":{"start":{"line":4,"column":15},"end":{"line":4,"column":31}},"3":{"start":{"line":12,"column":0},"end":{"line":12,"column":55}},"4":{"start":{"line":19,"column":0},"end":{"line":19,"column":56}},"5":{"start":{"line":21,"column":0},"end":{"line":21,"column":24}}},"fnMap":{},"branchMap":{},"s":{"0":7,"1":7,"2":7,"3":7,"4":7,"5":7},"f":{},"b":{},"_coverageSchema":"1a1c01bbd47fc00a2c39e90264f33305004495a9","hash":"01920d17700aaefd35ae8abfa4f17904670acca7"}
,"C:\\Users\\fuads\\HACKTIV8\\83\\p2\\w3\\-IP-Fuad-HCK83\\daunKu_backend\\routes\\authRoutes.js": {"path":"C:\\Users\\fuads\\HACKTIV8\\83\\p2\\w3\\-IP-Fuad-HCK83\\daunKu_backend\\routes\\authRoutes.js","statementMap":{"0":{"start":{"line":1,"column":16},"end":{"line":1,"column":34}},"1":{"start":{"line":2,"column":23},"end":{"line":2,"column":62}},"2":{"start":{"line":4,"column":15},"end":{"line":4,"column":31}},"3":{"start":{"line":11,"column":0},"end":{"line":11,"column":50}},"4":{"start":{"line":18,"column":0},"end":{"line":18,"column":44}},"5":{"start":{"line":25,"column":0},"end":{"line":25,"column":55}},"6":{"start":{"line":27,"column":0},"end":{"line":27,"column":24}}},"fnMap":{},"branchMap":{},"s":{"0":7,"1":7,"2":7,"3":7,"4":7,"5":7,"6":7},"f":{},"b":{},"_coverageSchema":"1a1c01bbd47fc00a2c39e90264f33305004495a9","hash":"adc2ffd168aba3acce6455b56659d1b287e18eee"}
,"C:\\Users\\fuads\\HACKTIV8\\83\\p2\\w3\\-IP-Fuad-HCK83\\daunKu_backend\\routes\\careLogRoutes.js": {"path":"C:\\Users\\fuads\\HACKTIV8\\83\\p2\\w3\\-IP-Fuad-HCK83\\daunKu_backend\\routes\\careLogRoutes.js","statementMap":{"0":{"start":{"line":1,"column":16},"end":{"line":1,"column":34}},"1":{"start":{"line":2,"column":26},"end":{"line":2,"column":69}},"2":{"start":{"line":4,"column":15},"end":{"line":4,"column":31}},"3":{"start":{"line":12,"column":0},"end":{"line":12,"column":50}},"4":{"start":{"line":19,"column":0},"end":{"line":19,"column":55}},"5":{"start":{"line":26,"column":0},"end":{"line":26,"column":68}},"6":{"start":{"line":33,"column":0},"end":{"line":33,"column":63}},"7":{"start":{"line":40,"column":0},"end":{"line":40,"column":62}},"8":{"start":{"line":42,"column":0},"end":{"line":42,"column":24}}},"fnMap":{},"branchMap":{},"s":{"0":7,"1":7,"2":7,"3":7,"4":7,"5":7,"6":7,"7":7,"8":7},"f":{},"b":{},"_coverageSchema":"1a1c01bbd47fc00a2c39e90264f33305004495a9","hash":"5064f0b9812fbcb4dea2be5fac7541db6ad187aa"}
,"C:\\Users\\fuads\\HACKTIV8\\83\\p2\\w3\\-IP-Fuad-HCK83\\daunKu_backend\\routes\\plantRoutes.js": {"path":"C:\\Users\\fuads\\HACKTIV8\\83\\p2\\w3\\-IP-Fuad-HCK83\\daunKu_backend\\routes\\plantRoutes.js","statementMap":{"0":{"start":{"line":1,"column":16},"end":{"line":1,"column":34}},"1":{"start":{"line":2,"column":15},"end":{"line":2,"column":32}},"2":{"start":{"line":3,"column":24},"end":{"line":3,"column":65}},"3":{"start":{"line":5,"column":15},"end":{"line":5,"column":31}},"4":{"start":{"line":7,"column":16},"end":{"line":7,"column":38}},"5":{"start":{"line":8,"column":15},"end":{"line":8,"column":43}},"6":{"start":{"line":17,"column":0},"end":{"line":17,"column":80}},"7":{"start":{"line":25,"column":0},"end":{"line":25,"column":46}},"8":{"start":{"line":32,"column":0},"end":{"line":32,"column":52}},"9":{"start":{"line":34,"column":0},"end":{"line":34,"column":60}},"10":{"start":{"line":40,"column":0},"end":{"line":40,"column":49}},"11":{"start":{"line":47,"column":0},"end":{"line":47,"column":55}},"12":{"start":{"line":54,"column":0},"end":{"line":54,"column":51}},"13":{"start":{"line":63,"column":0},"end":{"line":63,"column":24}}},"fnMap":{},"branchMap":{},"s":{"0":7,"1":7,"2":7,"3":7,"4":7,"5":7,"6":7,"7":7,"8":7,"9":7,"10":7,"11":7,"12":7,"13":7},"f":{},"b":{},"_coverageSchema":"1a1c01bbd47fc00a2c39e90264f33305004495a9","hash":"879128e70ae7c893e59ca0d7cb3fa749f8f05ddc"}
}
