TN:
SF:app.js
FN:21,(anonymous_0)
FNF:1
FNH:0
FNDA:0,(anonymous_0)
DA:1,7
DA:2,7
DA:3,7
DA:4,7
DA:5,7
DA:6,7
DA:8,7
DA:9,7
DA:10,7
DA:11,7
DA:13,7
DA:14,7
DA:16,7
DA:17,7
DA:18,7
DA:19,7
DA:21,7
DA:22,0
DA:25,7
DA:28,7
LF:20
LH:19
BRF:0
BRH:0
end_of_record
TN:
SF:__test__\unified-mock.js
FN:30,(anonymous_0)
FN:49,(anonymous_1)
FN:63,(anonymous_2)
FN:69,(anonymous_3)
FN:70,(anonymous_4)
FN:73,(anonymous_5)
FN:74,(anonymous_6)
FN:83,(anonymous_7)
FN:87,(anonymous_8)
FN:88,(anonymous_9)
FN:89,(anonymous_10)
FN:106,(anonymous_11)
FN:107,(anonymous_12)
FN:110,(anonymous_13)
FN:113,(anonymous_14)
FN:122,(anonymous_15)
FN:126,(anonymous_16)
FN:127,(anonymous_17)
FN:128,(anonymous_18)
FN:137,(anonymous_19)
FN:138,(anonymous_20)
FN:143,(anonymous_21)
FN:144,(anonymous_22)
FN:145,(anonymous_23)
FN:146,(anonymous_24)
FN:147,(anonymous_25)
FNF:26
FNH:10
FNDA:6,(anonymous_0)
FNDA:1,(anonymous_1)
FNDA:1,(anonymous_2)
FNDA:0,(anonymous_3)
FNDA:0,(anonymous_4)
FNDA:4,(anonymous_5)
FNDA:13,(anonymous_6)
FNDA:0,(anonymous_7)
FNDA:4,(anonymous_8)
FNDA:0,(anonymous_9)
FNDA:4,(anonymous_10)
FNDA:0,(anonymous_11)
FNDA:0,(anonymous_12)
FNDA:0,(anonymous_13)
FNDA:4,(anonymous_14)
FNDA:0,(anonymous_15)
FNDA:2,(anonymous_16)
FNDA:0,(anonymous_17)
FNDA:3,(anonymous_18)
FNDA:0,(anonymous_19)
FNDA:0,(anonymous_20)
FNDA:0,(anonymous_21)
FNDA:0,(anonymous_22)
FNDA:0,(anonymous_23)
FNDA:0,(anonymous_24)
FNDA:0,(anonymous_25)
DA:4,6
DA:18,6
DA:30,6
DA:32,6
DA:40,6
DA:47,6
DA:50,1
DA:54,1
DA:61,0
DA:63,1
DA:69,0
DA:70,0
DA:73,4
DA:75,13
DA:79,13
DA:81,0
DA:84,0
DA:85,0
DA:87,4
DA:88,0
DA:90,4
DA:91,3
DA:96,1
DA:106,0
DA:107,0
DA:111,0
DA:114,4
DA:118,0
DA:120,4
DA:123,0
DA:124,0
DA:126,2
DA:127,0
DA:128,3
DA:137,0
DA:138,0
DA:143,0
DA:144,0
DA:145,0
DA:146,0
DA:147,0
DA:166,6
LF:42
LH:21
BRDA:50,0,0,1
BRDA:50,0,1,0
BRDA:51,1,0,1
BRDA:51,1,1,0
BRDA:75,2,0,13
BRDA:75,2,1,0
BRDA:76,3,0,13
BRDA:76,3,1,13
BRDA:76,3,2,11
BRDA:84,4,0,0
BRDA:84,4,1,0
BRDA:90,5,0,3
BRDA:90,5,1,1
BRDA:114,6,0,0
BRDA:114,6,1,4
BRDA:115,7,0,4
BRDA:115,7,1,4
BRDA:115,7,2,4
BRDA:123,8,0,0
BRDA:123,8,1,0
BRF:20
BRH:12
end_of_record
TN:
SF:controllers\aiController.js
FN:10,(anonymous_0)
FN:50,(anonymous_1)
FNF:2
FNH:0
FNDA:0,(anonymous_0)
FNDA:0,(anonymous_1)
DA:1,4
DA:2,4
DA:4,4
DA:5,4
DA:6,4
DA:11,0
DA:13,0
DA:14,0
DA:18,0
DA:19,0
DA:25,0
DA:28,0
DA:29,0
DA:30,0
DA:32,0
DA:34,0
DA:35,0
DA:36,0
DA:38,0
DA:40,0
DA:41,0
DA:51,0
DA:53,0
DA:54,0
DA:58,0
DA:59,0
DA:65,0
DA:68,0
DA:69,0
DA:71,0
DA:72,0
DA:73,0
DA:75,0
DA:77,0
DA:78,0
DA:87,4
LF:36
LH:6
BRDA:18,0,0,0
BRDA:18,0,1,0
BRDA:26,1,0,0
BRDA:26,1,1,0
BRDA:29,2,0,0
BRDA:29,2,1,0
BRDA:58,3,0,0
BRDA:58,3,1,0
BRDA:66,4,0,0
BRDA:66,4,1,0
BRDA:68,5,0,0
BRDA:68,5,1,0
BRF:12
BRH:0
end_of_record
TN:
SF:controllers\authorization.js
FN:10,(anonymous_0)
FN:37,(anonymous_1)
FN:78,(anonymous_2)
FNF:3
FNH:3
FNDA:7,(anonymous_0)
FNDA:6,(anonymous_1)
FNDA:3,(anonymous_2)
DA:1,7
DA:2,7
DA:3,7
DA:4,7
DA:7,7
DA:11,7
DA:12,7
DA:13,7
DA:15,7
DA:16,1
DA:22,6
DA:23,6
DA:24,4
DA:26,4
DA:32,3
DA:33,3
DA:38,6
DA:39,6
DA:40,6
DA:41,1
DA:47,5
DA:48,5
DA:49,1
DA:52,4
DA:53,4
DA:54,2
DA:57,2
DA:62,2
DA:64,2
DA:73,4
DA:79,3
DA:80,3
DA:81,3
DA:83,3
DA:84,3
DA:85,3
DA:90,0
DA:91,0
DA:94,0
DA:99,0
DA:100,0
DA:102,0
DA:103,0
DA:106,0
DA:108,0
DA:109,0
DA:112,0
DA:113,0
DA:116,0
DA:117,0
DA:118,0
DA:121,0
DA:128,0
DA:130,0
DA:134,0
DA:140,0
DA:142,0
DA:151,0
DA:152,0
DA:155,0
DA:163,7
LF:61
LH:37
BRDA:15,0,0,1
BRDA:15,0,1,6
BRDA:15,1,0,7
BRDA:15,1,1,6
BRDA:15,1,2,6
BRDA:40,2,0,1
BRDA:40,2,1,5
BRDA:40,3,0,6
BRDA:40,3,1,5
BRDA:48,4,0,1
BRDA:48,4,1,4
BRDA:53,5,0,2
BRDA:53,5,1,2
BRDA:83,6,0,3
BRDA:83,6,1,0
BRDA:108,7,0,0
BRDA:108,7,1,0
BRDA:117,8,0,0
BRDA:117,8,1,0
BRF:19
BRH:14
end_of_record
TN:
SF:controllers\careLogController.js
FN:5,(anonymous_0)
FN:53,(anonymous_1)
FN:83,(anonymous_2)
FN:107,(anonymous_3)
FN:141,(anonymous_4)
FNF:5
FNH:5
FNDA:4,(anonymous_0)
FNDA:3,(anonymous_1)
FNDA:2,(anonymous_2)
FNDA:2,(anonymous_3)
FNDA:2,(anonymous_4)
DA:1,7
DA:14,4
DA:16,4
DA:17,4
DA:21,4
DA:22,0
DA:28,4
DA:38,4
DA:39,2
DA:40,2
DA:43,4
DA:48,0
DA:54,3
DA:56,3
DA:57,3
DA:61,3
DA:62,0
DA:68,3
DA:73,3
DA:78,0
DA:84,2
DA:85,2
DA:97,2
DA:102,0
DA:108,2
DA:109,2
DA:111,2
DA:112,2
DA:122,2
DA:123,2
DA:129,0
DA:131,0
DA:136,0
DA:142,2
DA:144,2
DA:145,2
DA:155,2
DA:156,2
DA:162,0
DA:164,0
DA:168,0
DA:173,7
LF:42
LH:31
BRDA:9,0,0,4
BRDA:21,1,0,0
BRDA:21,1,1,4
BRDA:38,2,0,2
BRDA:38,2,1,2
BRDA:61,3,0,0
BRDA:61,3,1,3
BRDA:122,4,0,2
BRDA:122,4,1,0
BRDA:155,5,0,2
BRDA:155,5,1,0
BRF:11
BRH:7
end_of_record
TN:
SF:controllers\plantController.js
FN:17,(anonymous_0)
FN:170,(anonymous_1)
FN:223,(anonymous_2)
FN:250,(anonymous_3)
FN:267,(anonymous_4)
FN:314,(anonymous_5)
FN:331,(anonymous_6)
FNF:7
FNH:5
FNDA:0,(anonymous_0)
FNDA:6,(anonymous_1)
FNDA:4,(anonymous_2)
FNDA:6,(anonymous_3)
FNDA:2,(anonymous_4)
FNDA:0,(anonymous_5)
FNDA:2,(anonymous_6)
DA:1,7
DA:2,7
DA:3,7
DA:4,7
DA:6,7
DA:13,7
DA:14,7
DA:18,0
DA:19,0
DA:21,0
DA:22,0
DA:29,0
DA:31,0
DA:40,0
DA:41,0
DA:44,0
DA:45,0
DA:48,0
DA:52,0
DA:56,0
DA:58,0
DA:61,0
DA:63,0
DA:64,0
DA:66,0
DA:67,0
DA:68,0
DA:70,0
DA:81,0
DA:82,0
DA:83,0
DA:84,0
DA:86,0
DA:91,0
DA:96,0
DA:97,0
DA:100,0
DA:117,0
DA:118,0
DA:123,0
DA:125,0
DA:135,0
DA:144,0
DA:146,0
DA:154,0
DA:155,0
DA:156,0
DA:158,0
DA:159,0
DA:160,0
DA:163,0
DA:182,6
DA:184,6
DA:185,6
DA:186,5
DA:191,1
DA:192,1
DA:198,0
DA:199,0
DA:200,0
DA:203,1
DA:216,1
DA:218,0
DA:219,0
DA:224,4
DA:225,4
DA:226,4
DA:228,4
DA:240,4
DA:241,4
DA:243,0
DA:244,0
DA:245,0
DA:246,0
DA:251,6
DA:252,6
DA:257,6
DA:258,0
DA:260,6
DA:262,0
DA:263,0
DA:281,2
DA:283,2
DA:284,2
DA:288,2
DA:289,0
DA:292,2
DA:307,2
DA:309,0
DA:310,0
DA:315,0
DA:316,0
DA:320,0
DA:321,0
DA:324,0
DA:325,0
DA:327,0
DA:328,0
DA:332,2
DA:333,2
DA:334,2
DA:338,2
DA:347,2
DA:356,2
DA:363,2
DA:368,0
DA:369,0
DA:374,7
LF:108
LH:39
BRDA:18,0,0,0
BRDA:18,0,1,0
BRDA:21,1,0,0
BRDA:21,1,1,0
BRDA:89,2,0,0
BRDA:89,2,1,0
BRDA:96,3,0,0
BRDA:96,3,1,0
BRDA:118,4,0,0
BRDA:118,4,1,0
BRDA:119,5,0,0
BRDA:119,5,1,0
BRDA:119,5,2,0
BRDA:127,6,0,0
BRDA:127,6,1,0
BRDA:128,7,0,0
BRDA:128,7,1,0
BRDA:129,8,0,0
BRDA:129,8,1,0
BRDA:131,9,0,0
BRDA:131,9,1,0
BRDA:132,10,0,0
BRDA:132,10,1,0
BRDA:158,11,0,0
BRDA:158,11,1,0
BRDA:185,12,0,5
BRDA:185,12,1,1
BRDA:185,13,0,6
BRDA:185,13,1,1
BRDA:192,14,0,0
BRDA:192,14,1,1
BRDA:193,15,0,1
BRDA:193,15,1,0
BRDA:193,15,2,0
BRDA:193,15,3,0
BRDA:199,16,0,0
BRDA:199,16,1,0
BRDA:208,17,0,1
BRDA:208,17,1,0
BRDA:210,18,0,1
BRDA:210,18,1,0
BRDA:211,19,0,1
BRDA:211,19,1,1
BRDA:212,20,0,1
BRDA:212,20,1,1
BRDA:213,21,0,1
BRDA:213,21,1,1
BRDA:214,22,0,1
BRDA:214,22,1,1
BRDA:257,23,0,0
BRDA:257,23,1,6
BRDA:288,24,0,0
BRDA:288,24,1,2
BRDA:320,25,0,0
BRDA:320,25,1,0
BRF:55
BRH:18
end_of_record
TN:
SF:helpers\bcrypt.js
FN:3,(anonymous_0)
FN:8,(anonymous_1)
FNF:2
FNH:0
FNDA:0,(anonymous_0)
FNDA:0,(anonymous_1)
DA:1,3
DA:3,3
DA:4,0
DA:5,0
DA:8,3
DA:9,0
DA:12,3
LF:7
LH:4
BRF:0
BRH:0
end_of_record
TN:
SF:middleware\auth.js
FN:5,authentication
FNF:1
FNH:0
FNDA:0,authentication
DA:2,1
DA:3,1
DA:6,0
DA:7,0
DA:8,0
DA:9,0
DA:11,0
DA:12,0
DA:13,0
DA:15,0
DA:17,0
DA:19,0
DA:20,0
DA:25,0
DA:27,0
DA:29,0
DA:30,0
DA:31,0
DA:32,0
DA:33,0
DA:34,0
DA:36,0
DA:40,1
LF:23
LH:3
BRDA:8,0,0,0
BRDA:8,0,1,0
BRDA:12,1,0,0
BRDA:12,1,1,0
BRDA:19,2,0,0
BRDA:19,2,1,0
BRDA:29,3,0,0
BRDA:29,3,1,0
BRDA:32,4,0,0
BRDA:32,4,1,0
BRF:10
BRH:0
end_of_record
TN:
SF:middleware\errorHandler.js
FN:2,(anonymous_0)
FN:16,(anonymous_1)
FNF:2
FNH:1
FNDA:16,(anonymous_0)
FNDA:0,(anonymous_1)
DA:2,7
DA:3,16
DA:4,16
DA:5,16
DA:6,16
DA:7,16
DA:8,0
DA:9,0
DA:10,16
DA:14,2
DA:15,2
DA:16,2
DA:17,0
DA:18,0
DA:20,0
DA:22,0
DA:23,14
DA:24,3
DA:25,3
DA:26,11
DA:27,4
DA:28,4
DA:29,7
DA:30,0
DA:31,0
DA:32,7
DA:33,0
DA:34,0
DA:35,7
DA:36,0
DA:37,0
DA:40,14
DA:43,7
LF:33
LH:21
BRDA:7,0,0,0
BRDA:7,0,1,16
BRDA:10,1,0,2
BRDA:10,1,1,14
BRDA:11,2,0,16
BRDA:11,2,1,16
BRDA:17,3,0,0
BRDA:17,3,1,0
BRDA:23,4,0,3
BRDA:23,4,1,11
BRDA:26,5,0,4
BRDA:26,5,1,7
BRDA:29,6,0,0
BRDA:29,6,1,7
BRDA:32,7,0,0
BRDA:32,7,1,7
BRDA:35,8,0,0
BRDA:35,8,1,7
BRF:18
BRH:12
end_of_record
TN:
SF:routes\aiRoutes.js
FNF:0
FNH:0
DA:1,7
DA:2,7
DA:4,7
DA:12,7
DA:19,7
DA:21,7
LF:6
LH:6
BRF:0
BRH:0
end_of_record
TN:
SF:routes\authRoutes.js
FNF:0
FNH:0
DA:1,7
DA:2,7
DA:4,7
DA:11,7
DA:18,7
DA:25,7
DA:27,7
LF:7
LH:7
BRF:0
BRH:0
end_of_record
TN:
SF:routes\careLogRoutes.js
FNF:0
FNH:0
DA:1,7
DA:2,7
DA:4,7
DA:12,7
DA:19,7
DA:26,7
DA:33,7
DA:40,7
DA:42,7
LF:9
LH:9
BRF:0
BRH:0
end_of_record
TN:
SF:routes\plantRoutes.js
FNF:0
FNH:0
DA:1,7
DA:2,7
DA:3,7
DA:5,7
DA:7,7
DA:8,7
DA:17,7
DA:25,7
DA:32,7
DA:34,7
DA:40,7
DA:47,7
DA:54,7
DA:63,7
LF:14
LH:14
BRF:0
BRH:0
end_of_record
